12:38:10.304 [HikariPool-1:housekeeper] DEBUG c.zaxxer.hikari.pool.HikariPool -- HikariPool-1 - keepalive: connection com.mysql.cj.jdbc.ConnectionImpl@6c586e0e is alive 
12:38:10.973 [HikariPool-1:housekeeper] DEBUG c.zaxxer.hikari.pool.HikariPool -- HikariPool-1 - keepalive: connection com.mysql.cj.jdbc.ConnectionImpl@426b7cc8 is alive 
12:38:17.884 [HikariPool-1:housekeeper] DEBUG c.zaxxer.hikari.pool.HikariPool -- HikariPool-1 - Pool stats (total=10/10, idle=10/10, active=0, waiting=0) 
12:38:17.884 [HikariPool-1:housekeeper] DEBUG c.zaxxer.hikari.pool.HikariPool -- HikariPool-1 - Fill pool skipped, pool has sufficient level or currently being filled. 
12:38:18.912 [HikariPool-1:housekeeper] DEBUG c.zaxxer.hikari.pool.HikariPool -- HikariPool-1 - keepalive: connection com.mysql.cj.jdbc.ConnectionImpl@72ab80a4 is alive 
12:38:19.997 [HikariPool-1:housekeeper] DEBUG c.zaxxer.hikari.pool.HikariPool -- HikariPool-1 - keepalive: connection com.mysql.cj.jdbc.ConnectionImpl@1dcbbf72 is alive 
12:38:23.007 [http-nio-8080-exec-7] DEBUG o.s.w.servlet.DispatcherServlet -- GET "/get-bike-by-name/PassionPro", parameters={} 
12:38:23.008 [http-nio-8080-exec-7] DEBUG o.s.w.s.m.m.a.RequestMappingHandlerMapping -- Mapped to com.ducat.springboot20.Controller.BikeController#getBikeByNameController(String) 
12:38:23.008 [http-nio-8080-exec-7] DEBUG o.s.o.j.s.OpenEntityManagerInViewInterceptor -- Opening JPA EntityManager in OpenEntityManagerInViewInterceptor 
12:38:23.051 [http-nio-8080-exec-7] DEBUG o.hibernate.orm.sql.ast.create -- Created new SQL alias : b1_0 
12:38:23.053 [http-nio-8080-exec-7] DEBUG o.hibernate.orm.sql.ast.create -- Registration of TableGroup [StandardTableGroup(com.ducat.springboot20.Entity.Bike(2))] with identifierForTableGroup [com.ducat.springboot20.Entity.Bike] for NavigablePath [com.ducat.springboot20.Entity.Bike]  
12:38:23.055 [http-nio-8080-exec-7] DEBUG o.hibernate.orm.sql.ast.create -- Registration of TableGroup [org.hibernate.sql.ast.tree.from.LazyTableGroup@77cffd51] with identifierForTableGroup [com.ducat.springboot20.Entity.Bike(2).owner] for NavigablePath [com.ducat.springboot20.Entity.Bike(2).owner]  
12:38:23.069 [http-nio-8080-exec-7] DEBUG o.h.q.s.s.BaseSqmToSqlAstConverter -- Determining mapping-model type for SqmParameter : org.hibernate.query.sqm.tree.expression.SqmJpaCriteriaParameterWrapper@0 
12:38:23.076 [http-nio-8080-exec-7] DEBUG o.h.q.s.s.BaseSqmToSqlAstConverter -- Determining mapping-model type for SqmPath : SqmBasicValuedSimplePath(com.ducat.springboot20.Entity.Bike(2).bikeName)  
12:38:23.086 [http-nio-8080-exec-7] DEBUG o.h.orm.results.graph.AST -- DomainResult Graph:
 \-EntityResultImpl [com.ducat.springboot20.Entity.Bike(2)]
 |  +-BasicFetch [com.ducat.springboot20.Entity.Bike(2).bikeModel]
 |  +-BasicFetch [com.ducat.springboot20.Entity.Bike(2).bikeName]
 |  +-BasicFetch [com.ducat.springboot20.Entity.Bike(2).color]
 |  +-EntityFetchSelectImpl [com.ducat.springboot20.Entity.Bike(2).owner]
 |  \-BasicFetch [com.ducat.springboot20.Entity.Bike(2).price]
 
12:38:23.087 [http-nio-8080-exec-7] DEBUG org.hibernate.orm.sql.ast.tree -- SQL AST Tree:
    SelectStatement {
      FromClause {
        StandardTableGroup (b1 : com.ducat.springboot20.Entity.Bike(2)) {
          primaryTableReference : bike as b1_0
          TableGroupJoins {
            left  join LazyTableGroup (o1 : com.ducat.springboot20.Entity.Bike(2).owner) {
            }
          }
        }
      }
    }
 
12:38:23.090 [http-nio-8080-exec-7] DEBUG org.hibernate.orm.sql.exec -- Skipping reading Query result cache data: cache-enabled = false, cache-mode = NORMAL 
12:38:23.091 [http-nio-8080-exec-7] DEBUG org.hibernate.SQL -- select b1_0.id,b1_0.bike_model,b1_0.bike_name,b1_0.color,b1_0.owner_id,b1_0.price from bike b1_0 where b1_0.bike_name=? 
12:38:23.095 [http-nio-8080-exec-7] DEBUG org.hibernate.orm.results -- Initializer list:
	  com.ducat.springboot20.Entity.Bike(2) -> EntityJoinedFetchInitializer(com.ducat.springboot20.Entity.Bike(2))@957696188 (SingleTableEntityPersister(com.ducat.springboot20.Entity.Bike))
	  com.ducat.springboot20.Entity.Bike(2).owner -> EntitySelectFetchInitializer(com.ducat.springboot20.Entity.Bike(2).owner)@484577988 (ToOneAttributeMapping(NavigableRole[com.ducat.springboot20.Entity.Bike.owner])@571697338)
 
12:38:23.100 [http-nio-8080-exec-7] DEBUG org.hibernate.orm.sql.exec -- Skipping reading Query result cache data: cache-enabled = false, cache-mode = IGNORE 
12:38:23.103 [http-nio-8080-exec-7] DEBUG org.hibernate.SQL -- select o1_0.owner_id,o1_0.age,o1_0.owner_name from owner o1_0 where o1_0.owner_id=? 
12:38:23.121 [http-nio-8080-exec-7] DEBUG o.s.w.s.m.m.a.RequestResponseBodyMethodProcessor -- Using 'application/json', given [*/*] and supported [application/json, application/*+json] 
12:38:23.123 [http-nio-8080-exec-7] DEBUG o.s.w.s.m.m.a.RequestResponseBodyMethodProcessor -- Writing [com.ducat.springboot20.dto.BikeDTO@449be745] 
12:38:23.125 [http-nio-8080-exec-7] DEBUG o.s.o.j.s.OpenEntityManagerInViewInterceptor -- Closing JPA EntityManager in OpenEntityManagerInViewInterceptor 
12:38:23.126 [http-nio-8080-exec-7] DEBUG o.s.w.servlet.DispatcherServlet -- Completed 200 OK 
12:38:28.635 [HikariPool-1:housekeeper] DEBUG c.zaxxer.hikari.pool.HikariPool -- HikariPool-1 - keepalive: connection com.mysql.cj.jdbc.ConnectionImpl@8390dee is alive 
12:38:32.843 [HikariPool-1:housekeeper] DEBUG c.zaxxer.hikari.pool.HikariPool -- HikariPool-1 - keepalive: connection com.mysql.cj.jdbc.ConnectionImpl@75b363c3 is alive 
12:38:33.044 [HikariPool-1:housekeeper] DEBUG c.zaxxer.hikari.pool.HikariPool -- HikariPool-1 - keepalive: connection com.mysql.cj.jdbc.ConnectionImpl@6816f2a1 is alive 
12:38:40.620 [HikariPool-1:housekeeper] DEBUG c.zaxxer.hikari.pool.HikariPool -- HikariPool-1 - keepalive: connection com.mysql.cj.jdbc.ConnectionImpl@25fd90d is alive 
12:38:46.004 [HikariPool-1:housekeeper] DEBUG c.zaxxer.hikari.pool.HikariPool -- HikariPool-1 - keepalive: connection com.mysql.cj.jdbc.ConnectionImpl@54e71044 is alive 
12:38:46.983 [HikariPool-1:housekeeper] DEBUG c.zaxxer.hikari.pool.HikariPool -- HikariPool-1 - keepalive: connection com.mysql.cj.jdbc.ConnectionImpl@3ec6d962 is alive 
12:38:47.892 [HikariPool-1:housekeeper] DEBUG c.zaxxer.hikari.pool.HikariPool -- HikariPool-1 - Pool stats (total=10/10, idle=10/10, active=0, waiting=0) 
12:38:47.892 [HikariPool-1:housekeeper] DEBUG c.zaxxer.hikari.pool.HikariPool -- HikariPool-1 - Fill pool skipped, pool has sufficient level or currently being filled. 
