12:39:15.640 [http-nio-8080-exec-8] DEBUG o.s.w.servlet.DispatcherServlet -- GET "/get-bike-by-name/PassionPro", parameters={} 
12:39:15.643 [http-nio-8080-exec-8] DEBUG o.s.w.s.m.m.a.RequestMappingHandlerMapping -- Mapped to com.ducat.springboot20.Controller.BikeController#getBikeByNameController(String) 
12:39:15.646 [http-nio-8080-exec-8] DEBUG o.s.o.j.s.OpenEntityManagerInViewInterceptor -- Opening JPA EntityManager in OpenEntityManagerInViewInterceptor 
12:39:15.648 [http-nio-8080-exec-8] DEBUG o.hibernate.orm.sql.ast.create -- Created new SQL alias : b1_0 
12:39:15.653 [http-nio-8080-exec-8] DEBUG o.hibernate.orm.sql.ast.create -- Registration of TableGroup [StandardTableGroup(com.ducat.springboot20.Entity.Bike(2))] with identifierForTableGroup [com.ducat.springboot20.Entity.Bike] for NavigablePath [com.ducat.springboot20.Entity.Bike]  
12:39:15.654 [http-nio-8080-exec-8] DEBUG o.hibernate.orm.sql.ast.create -- Registration of TableGroup [org.hibernate.sql.ast.tree.from.LazyTableGroup@17663c10] with identifierForTableGroup [com.ducat.springboot20.Entity.Bike(2).owner] for NavigablePath [com.ducat.springboot20.Entity.Bike(2).owner]  
12:39:15.654 [http-nio-8080-exec-8] DEBUG o.h.q.s.s.BaseSqmToSqlAstConverter -- Determining mapping-model type for SqmParameter : org.hibernate.query.sqm.tree.expression.SqmJpaCriteriaParameterWrapper@0 
12:39:15.654 [http-nio-8080-exec-8] DEBUG o.h.q.s.s.BaseSqmToSqlAstConverter -- Determining mapping-model type for SqmPath : SqmBasicValuedSimplePath(com.ducat.springboot20.Entity.Bike(2).bikeName)  
12:39:15.654 [http-nio-8080-exec-8] DEBUG o.h.orm.results.graph.AST -- DomainResult Graph:
 \-EntityResultImpl [com.ducat.springboot20.Entity.Bike(2)]
 |  +-BasicFetch [com.ducat.springboot20.Entity.Bike(2).bikeModel]
 |  +-BasicFetch [com.ducat.springboot20.Entity.Bike(2).bikeName]
 |  +-BasicFetch [com.ducat.springboot20.Entity.Bike(2).color]
 |  +-EntityFetchSelectImpl [com.ducat.springboot20.Entity.Bike(2).owner]
 |  \-BasicFetch [com.ducat.springboot20.Entity.Bike(2).price]
 
12:39:15.655 [http-nio-8080-exec-8] DEBUG org.hibernate.orm.sql.ast.tree -- SQL AST Tree:
    SelectStatement {
      FromClause {
        StandardTableGroup (b1 : com.ducat.springboot20.Entity.Bike(2)) {
          primaryTableReference : bike as b1_0
          TableGroupJoins {
            left  join LazyTableGroup (o1 : com.ducat.springboot20.Entity.Bike(2).owner) {
            }
          }
        }
      }
    }
 
12:39:15.655 [http-nio-8080-exec-8] DEBUG org.hibernate.orm.sql.exec -- Skipping reading Query result cache data: cache-enabled = false, cache-mode = NORMAL 
12:39:15.655 [http-nio-8080-exec-8] DEBUG org.hibernate.SQL -- select b1_0.id,b1_0.bike_model,b1_0.bike_name,b1_0.color,b1_0.owner_id,b1_0.price from bike b1_0 where b1_0.bike_name=? 
12:39:15.658 [http-nio-8080-exec-8] DEBUG org.hibernate.orm.results -- Initializer list:
	  com.ducat.springboot20.Entity.Bike(2) -> EntityJoinedFetchInitializer(com.ducat.springboot20.Entity.Bike(2))@798382354 (SingleTableEntityPersister(com.ducat.springboot20.Entity.Bike))
	  com.ducat.springboot20.Entity.Bike(2).owner -> EntitySelectFetchInitializer(com.ducat.springboot20.Entity.Bike(2).owner)@1417988059 (ToOneAttributeMapping(NavigableRole[com.ducat.springboot20.Entity.Bike.owner])@571697338)
 
12:39:15.658 [http-nio-8080-exec-8] DEBUG org.hibernate.orm.sql.exec -- Skipping reading Query result cache data: cache-enabled = false, cache-mode = IGNORE 
12:39:15.658 [http-nio-8080-exec-8] DEBUG org.hibernate.SQL -- select o1_0.owner_id,o1_0.age,o1_0.owner_name from owner o1_0 where o1_0.owner_id=? 
12:39:15.665 [http-nio-8080-exec-8] DEBUG o.s.w.s.m.m.a.RequestResponseBodyMethodProcessor -- Using 'application/json', given [*/*] and supported [application/json, application/*+json] 
12:39:15.668 [http-nio-8080-exec-8] DEBUG o.s.w.s.m.m.a.RequestResponseBodyMethodProcessor -- Writing [com.ducat.springboot20.dto.BikeDTO@3a0504dd] 
12:39:15.672 [http-nio-8080-exec-8] DEBUG o.s.o.j.s.OpenEntityManagerInViewInterceptor -- Closing JPA EntityManager in OpenEntityManagerInViewInterceptor 
12:39:15.679 [http-nio-8080-exec-8] DEBUG o.s.w.servlet.DispatcherServlet -- Completed 200 OK 
12:39:17.900 [HikariPool-1:housekeeper] DEBUG c.zaxxer.hikari.pool.HikariPool -- HikariPool-1 - Pool stats (total=10/10, idle=10/10, active=0, waiting=0) 
12:39:17.902 [HikariPool-1:housekeeper] DEBUG c.zaxxer.hikari.pool.HikariPool -- HikariPool-1 - Fill pool skipped, pool has sufficient level or currently being filled. 
12:39:47.913 [HikariPool-1:housekeeper] DEBUG c.zaxxer.hikari.pool.HikariPool -- HikariPool-1 - Pool stats (total=10/10, idle=10/10, active=0, waiting=0) 
12:39:47.914 [HikariPool-1:housekeeper] DEBUG c.zaxxer.hikari.pool.HikariPool -- HikariPool-1 - Fill pool skipped, pool has sufficient level or currently being filled. 
12:39:51.098 [HikariPool-1:housekeeper] DEBUG c.zaxxer.hikari.pool.HikariPool -- HikariPool-1 - keepalive: connection com.mysql.cj.jdbc.ConnectionImpl@6c586e0e is alive 
12:39:52.136 [HikariPool-1:housekeeper] DEBUG c.zaxxer.hikari.pool.HikariPool -- HikariPool-1 - keepalive: connection com.mysql.cj.jdbc.ConnectionImpl@426b7cc8 is alive 
