12:52:01.761 [HikariPool-1:housekeeper] DEBUG c.zaxxer.hikari.pool.HikariPool -- HikariPool-1 - keepalive: connection com.mysql.cj.jdbc.ConnectionImpl@4d481cc4 is alive 
12:52:02.492 [HikariPool-1:housekeeper] DEBUG c.zaxxer.hikari.pool.HikariPool -- HikariPool-1 - keepalive: connection com.mysql.cj.jdbc.ConnectionImpl@35c0659 is alive 
12:52:05.007 [HikariPool-1:housekeeper] DEBUG c.zaxxer.hikari.pool.HikariPool -- HikariPool-1 - keepalive: connection com.mysql.cj.jdbc.ConnectionImpl@5fd18871 is alive 
12:52:06.303 [HikariPool-1:housekeeper] DEBUG c.zaxxer.hikari.pool.HikariPool -- HikariPool-1 - keepalive: connection com.mysql.cj.jdbc.ConnectionImpl@75716461 is alive 
12:52:08.410 [HikariPool-1:housekeeper] DEBUG c.zaxxer.hikari.pool.HikariPool -- HikariPool-1 - keepalive: connection com.mysql.cj.jdbc.ConnectionImpl@2a21f31 is alive 
12:52:11.770 [HikariPool-1:housekeeper] DEBUG c.zaxxer.hikari.pool.HikariPool -- HikariPool-1 - keepalive: connection com.mysql.cj.jdbc.ConnectionImpl@6ffa02a2 is alive 
12:52:14.531 [HikariPool-1:housekeeper] DEBUG c.zaxxer.hikari.pool.HikariPool -- HikariPool-1 - keepalive: connection com.mysql.cj.jdbc.ConnectionImpl@7bcd5b0e is alive 
12:52:19.548 [HikariPool-1:housekeeper] DEBUG c.zaxxer.hikari.pool.HikariPool -- HikariPool-1 - Pool stats (total=10/10, idle=10/10, active=0, waiting=0) 
12:52:19.548 [HikariPool-1:housekeeper] DEBUG c.zaxxer.hikari.pool.HikariPool -- HikariPool-1 - Fill pool skipped, pool has sufficient level or currently being filled. 
12:52:19.705 [HikariPool-1:housekeeper] DEBUG c.zaxxer.hikari.pool.HikariPool -- HikariPool-1 - keepalive: connection com.mysql.cj.jdbc.ConnectionImpl@7f834472 is alive 
12:52:33.853 [http-nio-8080-exec-1] INFO  o.a.c.c.C.[.[localhost].[/] -- Initializing Spring DispatcherServlet 'dispatcherServlet' 
12:52:33.860 [http-nio-8080-exec-1] INFO  o.s.w.servlet.DispatcherServlet -- Initializing Servlet 'dispatcherServlet' 
12:52:33.861 [http-nio-8080-exec-1] DEBUG o.s.w.servlet.DispatcherServlet -- Detected StandardServletMultipartResolver 
12:52:33.861 [http-nio-8080-exec-1] DEBUG o.s.w.servlet.DispatcherServlet -- Detected AcceptHeaderLocaleResolver 
12:52:33.862 [http-nio-8080-exec-1] DEBUG o.s.w.servlet.DispatcherServlet -- Detected FixedThemeResolver 
12:52:33.863 [http-nio-8080-exec-1] DEBUG o.s.w.servlet.DispatcherServlet -- Detected org.springframework.web.servlet.view.DefaultRequestToViewNameTranslator@222dc36c 
12:52:33.865 [http-nio-8080-exec-1] DEBUG o.s.w.servlet.DispatcherServlet -- Detected org.springframework.web.servlet.support.SessionFlashMapManager@70c99e13 
12:52:33.865 [http-nio-8080-exec-1] DEBUG o.s.w.servlet.DispatcherServlet -- enableLoggingRequestDetails='false': request parameters and headers will be masked to prevent unsafe logging of potentially sensitive data 
12:52:33.866 [http-nio-8080-exec-1] INFO  o.s.w.servlet.DispatcherServlet -- Completed initialization in 5 ms 
12:52:33.896 [http-nio-8080-exec-1] DEBUG o.s.w.servlet.DispatcherServlet -- GET "/get-bike-by-name/Splendor", parameters={} 
12:52:33.936 [http-nio-8080-exec-1] DEBUG o.s.w.s.m.m.a.RequestMappingHandlerMapping -- Mapped to com.ducat.springboot20.Controller.BikeController#getBikeByNameController(String) 
12:52:33.940 [http-nio-8080-exec-1] DEBUG o.s.o.j.s.OpenEntityManagerInViewInterceptor -- Opening JPA EntityManager in OpenEntityManagerInViewInterceptor 
12:52:34.252 [http-nio-8080-exec-1] DEBUG o.hibernate.orm.sql.ast.create -- Created new SQL alias : b1_0 
12:52:34.252 [http-nio-8080-exec-1] DEBUG o.hibernate.orm.sql.ast.create -- Registration of TableGroup [StandardTableGroup(com.ducat.springboot20.Entity.Bike(2))] with identifierForTableGroup [com.ducat.springboot20.Entity.Bike] for NavigablePath [com.ducat.springboot20.Entity.Bike]  
12:52:34.267 [http-nio-8080-exec-1] DEBUG o.hibernate.orm.sql.ast.create -- Registration of TableGroup [org.hibernate.sql.ast.tree.from.LazyTableGroup@2a031aad] with identifierForTableGroup [com.ducat.springboot20.Entity.Bike(2).owner] for NavigablePath [com.ducat.springboot20.Entity.Bike(2).owner]  
12:52:34.282 [http-nio-8080-exec-1] DEBUG o.h.q.s.s.BaseSqmToSqlAstConverter -- Determining mapping-model type for SqmParameter : org.hibernate.query.sqm.tree.expression.SqmJpaCriteriaParameterWrapper@0 
12:52:34.283 [http-nio-8080-exec-1] DEBUG o.h.q.s.s.BaseSqmToSqlAstConverter -- Determining mapping-model type for SqmPath : SqmBasicValuedSimplePath(com.ducat.springboot20.Entity.Bike(2).bikeName)  
12:52:34.295 [http-nio-8080-exec-1] DEBUG o.h.orm.results.graph.AST -- DomainResult Graph:
 \-EntityResultImpl [com.ducat.springboot20.Entity.Bike(2)]
 |  +-BasicFetch [com.ducat.springboot20.Entity.Bike(2).bikeModel]
 |  +-BasicFetch [com.ducat.springboot20.Entity.Bike(2).bikeName]
 |  +-BasicFetch [com.ducat.springboot20.Entity.Bike(2).color]
 |  +-EntityFetchSelectImpl [com.ducat.springboot20.Entity.Bike(2).owner]
 |  \-BasicFetch [com.ducat.springboot20.Entity.Bike(2).price]
 
12:52:34.295 [http-nio-8080-exec-1] DEBUG org.hibernate.orm.sql.ast.tree -- SQL AST Tree:
    SelectStatement {
      FromClause {
        StandardTableGroup (b1 : com.ducat.springboot20.Entity.Bike(2)) {
          primaryTableReference : bike as b1_0
          TableGroupJoins {
            left  join LazyTableGroup (o1 : com.ducat.springboot20.Entity.Bike(2).owner) {
            }
          }
        }
      }
    }
 
12:52:34.331 [http-nio-8080-exec-1] DEBUG org.hibernate.orm.sql.exec -- Skipping reading Query result cache data: cache-enabled = false, cache-mode = NORMAL 
12:52:34.337 [http-nio-8080-exec-1] DEBUG org.hibernate.SQL -- select b1_0.id,b1_0.bike_model,b1_0.bike_name,b1_0.color,b1_0.owner_id,b1_0.price from bike b1_0 where b1_0.bike_name=? 
12:52:34.400 [http-nio-8080-exec-1] DEBUG org.hibernate.orm.results -- Initializer list:
	  com.ducat.springboot20.Entity.Bike(2) -> EntityJoinedFetchInitializer(com.ducat.springboot20.Entity.Bike(2))@556743814 (SingleTableEntityPersister(com.ducat.springboot20.Entity.Bike))
	  com.ducat.springboot20.Entity.Bike(2).owner -> EntitySelectFetchInitializer(com.ducat.springboot20.Entity.Bike(2).owner)@1322121709 (ToOneAttributeMapping(NavigableRole[com.ducat.springboot20.Entity.Bike.owner])@321951283)
 
12:52:34.460 [http-nio-8080-exec-1] DEBUG o.s.w.s.m.m.a.ExceptionHandlerExceptionResolver -- Using @ExceptionHandler com.ducat.springboot20.Controller.BikeController#BikeNotFoundException(DataNotFoundException) 
12:52:34.516 [http-nio-8080-exec-1] DEBUG o.s.w.s.m.m.a.RequestResponseBodyMethodProcessor -- Using 'application/json', given [*/*] and supported [application/json, application/*+json] 
12:52:34.518 [http-nio-8080-exec-1] DEBUG o.s.w.s.m.m.a.RequestResponseBodyMethodProcessor -- Nothing to write: null body 
12:52:34.520 [http-nio-8080-exec-1] DEBUG o.s.w.s.m.m.a.ExceptionHandlerExceptionResolver -- Resolved [com.ducat.springboot20.Exception.DataNotFoundException: No Data found with Splendor given bike name] 
12:52:34.521 [http-nio-8080-exec-1] DEBUG o.s.o.j.s.OpenEntityManagerInViewInterceptor -- Closing JPA EntityManager in OpenEntityManagerInViewInterceptor 
12:52:34.529 [http-nio-8080-exec-1] DEBUG o.s.w.servlet.DispatcherServlet -- Completed 200 OK 
12:52:49.558 [HikariPool-1:housekeeper] DEBUG c.zaxxer.hikari.pool.HikariPool -- HikariPool-1 - Pool stats (total=10/10, idle=10/10, active=0, waiting=0) 
12:52:49.558 [HikariPool-1:housekeeper] DEBUG c.zaxxer.hikari.pool.HikariPool -- HikariPool-1 - Fill pool skipped, pool has sufficient level or currently being filled. 
